android/app/build/intermediates/manifest_merge_blame_file/debug/manifest-merger-blame-debug-report.txt
1<?xml version="1.0" encoding="utf-8"?>
2<manifest xmlns:android="http://schemas.android.com/apk/res/android"
3    package="com.foloosi_example"
4    android:versionCode="1"
5    android:versionName="1.0" >
6
7    <uses-sdk
8        android:minSdkVersion="21"
9        android:targetSdkVersion="31" />
10
11    <uses-permission android:name="android.permission.SYSTEM_ALERT_WINDOW" />
11-->src/debug/AndroidManifest.xml:5:5-77
11-->src/debug/AndroidManifest.xml:5:22-75
12    <uses-permission android:name="android.permission.INTERNET" />
12-->src/main/AndroidManifest.xml:4:5-67
12-->src/main/AndroidManifest.xml:4:22-64
13    <uses-permission android:name="android.permission.ACCESS_WIFI_STATE" />
13-->[com.facebook.flipper:flipper:0.99.0] AndroidManifest.xml:16:5-76
13-->[com.facebook.flipper:flipper:0.99.0] AndroidManifest.xml:16:22-73
14    <uses-permission android:name="android.permission.ACCESS_NETWORK_STATE" />
14-->[com.foloosi:FoloosiSDK:2.0.18] AndroidManifest.xml:11:5-79
14-->[com.foloosi:FoloosiSDK:2.0.18] AndroidManifest.xml:11:22-76
15
16    <application
16-->src/main/AndroidManifest.xml:6:5-25:19
17        android:name="com.foloosi_example.MainApplication"
17-->src/main/AndroidManifest.xml:7:9-40
18        android:allowBackup="false"
18-->src/main/AndroidManifest.xml:8:9-36
19        android:appComponentFactory="androidx.core.app.CoreComponentFactory"
19-->[androidx.core:core:1.7.0] AndroidManifest.xml:24:18-86
20        android:debuggable="true"
21        android:icon="@mipmap/ic_launcher"
21-->src/main/AndroidManifest.xml:9:9-43
22        android:label="@string/app_name"
22-->src/main/AndroidManifest.xml:10:9-41
23        android:roundIcon="@mipmap/ic_launcher_round"
23-->src/main/AndroidManifest.xml:11:9-54
24        android:testOnly="true"
25        android:theme="@style/AppTheme"
25-->src/main/AndroidManifest.xml:12:9-40
26        android:usesCleartextTraffic="true" >
26-->src/debug/AndroidManifest.xml:8:9-44
27        <activity android:name="com.facebook.react.devsupport.DevSettingsActivity" />
27-->src/debug/AndroidManifest.xml:11:9-86
27-->src/debug/AndroidManifest.xml:11:19-83
28        <activity
28-->src/main/AndroidManifest.xml:13:9-24:20
29            android:name="com.foloosi_example.MainActivity"
29-->src/main/AndroidManifest.xml:14:13-41
30            android:configChanges="keyboard|keyboardHidden|orientation|screenSize|uiMode"
30-->src/main/AndroidManifest.xml:15:13-90
31            android:exported="true"
31-->src/main/AndroidManifest.xml:16:13-36
32            android:label="@string/app_name"
32-->src/main/AndroidManifest.xml:17:13-45
33            android:launchMode="singleTask"
33-->src/main/AndroidManifest.xml:18:13-44
34            android:windowSoftInputMode="adjustResize" >
34-->src/main/AndroidManifest.xml:19:13-55
35            <intent-filter>
35-->src/main/AndroidManifest.xml:20:13-23:29
36                <action android:name="android.intent.action.MAIN" />
36-->src/main/AndroidManifest.xml:21:17-69
36-->src/main/AndroidManifest.xml:21:25-66
37
38                <category android:name="android.intent.category.LAUNCHER" />
38-->src/main/AndroidManifest.xml:22:17-77
38-->src/main/AndroidManifest.xml:22:27-74
39            </intent-filter>
40        </activity>
41
42        <meta-data
42-->[com.foloosi:FoloosiSDK:2.0.18] AndroidManifest.xml:14:9-16:37
43            android:name="android.webkit.WebView.EnableSafeBrowsing"
43-->[com.foloosi:FoloosiSDK:2.0.18] AndroidManifest.xml:15:13-69
44            android:value="false" />
44-->[com.foloosi:FoloosiSDK:2.0.18] AndroidManifest.xml:16:13-34
45
46        <activity
46-->[com.foloosi:FoloosiSDK:2.0.18] AndroidManifest.xml:18:9-22:76
47            android:name="com.foloosi.core.ActFoloosiPay"
47-->[com.foloosi:FoloosiSDK:2.0.18] AndroidManifest.xml:19:13-58
48            android:screenOrientation="portrait"
48-->[com.foloosi:FoloosiSDK:2.0.18] AndroidManifest.xml:20:13-49
49            android:theme="@style/FoloosiTheme"
49-->[com.foloosi:FoloosiSDK:2.0.18] AndroidManifest.xml:21:13-48
50            android:windowSoftInputMode="stateAlwaysHidden|adjustResize" />
50-->[com.foloosi:FoloosiSDK:2.0.18] AndroidManifest.xml:22:13-73
51
52        <provider
52-->[androidx.emoji2:emoji2:1.0.0] AndroidManifest.xml:26:9-34:20
53            android:name="androidx.startup.InitializationProvider"
53-->[androidx.emoji2:emoji2:1.0.0] AndroidManifest.xml:27:13-67
54            android:authorities="com.foloosi_example.androidx-startup"
54-->[androidx.emoji2:emoji2:1.0.0] AndroidManifest.xml:28:13-68
55            android:exported="false" >
55-->[androidx.emoji2:emoji2:1.0.0] AndroidManifest.xml:29:13-37
56            <meta-data
56-->[androidx.emoji2:emoji2:1.0.0] AndroidManifest.xml:31:13-33:52
57                android:name="androidx.emoji2.text.EmojiCompatInitializer"
57-->[androidx.emoji2:emoji2:1.0.0] AndroidManifest.xml:32:17-75
58                android:value="androidx.startup" />
58-->[androidx.emoji2:emoji2:1.0.0] AndroidManifest.xml:33:17-49
59            <meta-data
59-->[androidx.lifecycle:lifecycle-process:2.4.0] AndroidManifest.xml:31:13-33:52
60                android:name="androidx.lifecycle.ProcessLifecycleInitializer"
60-->[androidx.lifecycle:lifecycle-process:2.4.0] AndroidManifest.xml:32:17-78
61                android:value="androidx.startup" />
61-->[androidx.lifecycle:lifecycle-process:2.4.0] AndroidManifest.xml:33:17-49
62        </provider>
63
64        <uses-library
64-->[androidx.window:window:1.0.0] AndroidManifest.xml:25:9-27:40
65            android:name="androidx.window.extensions"
65-->[androidx.window:window:1.0.0] AndroidManifest.xml:26:13-54
66            android:required="false" />
66-->[androidx.window:window:1.0.0] AndroidManifest.xml:27:13-37
67        <uses-library
67-->[androidx.window:window:1.0.0] AndroidManifest.xml:28:9-30:40
68            android:name="androidx.window.sidecar"
68-->[androidx.window:window:1.0.0] AndroidManifest.xml:29:13-51
69            android:required="false" />
69-->[androidx.window:window:1.0.0] AndroidManifest.xml:30:13-37
70    </application>
71
72</manifest>